C:\USERS\NIKLAS\DOCUMENTS\VISUAL STUDIO 2010\PROJECTS\LUA\DEBUG\LUA.EXE
C:\USERS\NIKLAS\DOCUMENTS\VISUAL STUDIO 2010\PROJECTS\LUA\DEBUG\LUA.ILK
C:\USERS\NIKLAS\DOCUMENTS\VISUAL STUDIO 2010\PROJECTS\LUA\DEBUG\LUA.PDB
C:\Users\Niklas\documents\visual studio 2010\Projects\Lua\Lua\Debug\cl.command.1.tlog
C:\Users\Niklas\documents\visual studio 2010\Projects\Lua\Lua\Debug\CL.read.1.tlog
C:\Users\Niklas\documents\visual studio 2010\Projects\Lua\Lua\Debug\CL.write.1.tlog
C:\USERS\NIKLAS\DOCUMENTS\VISUAL STUDIO 2010\PROJECTS\LUA\LUA\DEBUG\GAME.OBJ
C:\Users\Niklas\documents\visual studio 2010\Projects\Lua\Lua\Debug\link.352.read.1.tlog
C:\Users\Niklas\documents\visual studio 2010\Projects\Lua\Lua\Debug\link.352.write.1.tlog
C:\Users\Niklas\documents\visual studio 2010\Projects\Lua\Lua\Debug\link.352-cvtres.read.1.tlog
C:\Users\Niklas\documents\visual studio 2010\Projects\Lua\Lua\Debug\link.352-cvtres.write.1.tlog
C:\Users\Niklas\documents\visual studio 2010\Projects\Lua\Lua\Debug\link.3648.read.1.tlog
C:\Users\Niklas\documents\visual studio 2010\Projects\Lua\Lua\Debug\link.3648.write.1.tlog
C:\Users\Niklas\documents\visual studio 2010\Projects\Lua\Lua\Debug\link.3648-cvtres.read.1.tlog
C:\Users\Niklas\documents\visual studio 2010\Projects\Lua\Lua\Debug\link.3648-cvtres.write.1.tlog
C:\Users\Niklas\documents\visual studio 2010\Projects\Lua\Lua\Debug\link.4620.read.1.tlog
C:\Users\Niklas\documents\visual studio 2010\Projects\Lua\Lua\Debug\link.4620.write.1.tlog
C:\Users\Niklas\documents\visual studio 2010\Projects\Lua\Lua\Debug\link.4620-cvtres.read.1.tlog
C:\Users\Niklas\documents\visual studio 2010\Projects\Lua\Lua\Debug\link.4620-cvtres.write.1.tlog
C:\Users\Niklas\documents\visual studio 2010\Projects\Lua\Lua\Debug\link.6048.read.1.tlog
C:\Users\Niklas\documents\visual studio 2010\Projects\Lua\Lua\Debug\link.6048.write.1.tlog
C:\Users\Niklas\documents\visual studio 2010\Projects\Lua\Lua\Debug\link.6048-cvtres.read.1.tlog
C:\Users\Niklas\documents\visual studio 2010\Projects\Lua\Lua\Debug\link.6048-cvtres.write.1.tlog
C:\Users\Niklas\documents\visual studio 2010\Projects\Lua\Lua\Debug\link.command.1.tlog
C:\Users\Niklas\documents\visual studio 2010\Projects\Lua\Lua\Debug\link.read.1.tlog
C:\Users\Niklas\documents\visual studio 2010\Projects\Lua\Lua\Debug\link.write.1.tlog
C:\Users\Niklas\documents\visual studio 2010\Projects\Lua\Lua\Debug\link-cvtres.read.1.tlog
C:\Users\Niklas\documents\visual studio 2010\Projects\Lua\Lua\Debug\link-cvtres.write.1.tlog
C:\USERS\NIKLAS\DOCUMENTS\VISUAL STUDIO 2010\PROJECTS\LUA\LUA\DEBUG\LUA.EXE.EMBED.MANIFEST
C:\USERS\NIKLAS\DOCUMENTS\VISUAL STUDIO 2010\PROJECTS\LUA\LUA\DEBUG\LUA.EXE.EMBED.MANIFEST.RES
C:\USERS\NIKLAS\DOCUMENTS\VISUAL STUDIO 2010\PROJECTS\LUA\LUA\DEBUG\LUA.EXE.INTERMEDIATE.MANIFEST
C:\Users\Niklas\documents\visual studio 2010\Projects\Lua\Lua\Debug\Lua_manifest.rc
C:\USERS\NIKLAS\DOCUMENTS\VISUAL STUDIO 2010\PROJECTS\LUA\LUA\DEBUG\MAIN.OBJ
C:\Users\Niklas\documents\visual studio 2010\Projects\Lua\Lua\Debug\mt.command.1.tlog
C:\Users\Niklas\documents\visual studio 2010\Projects\Lua\Lua\Debug\mt.read.1.tlog
C:\Users\Niklas\documents\visual studio 2010\Projects\Lua\Lua\Debug\mt.write.1.tlog
C:\USERS\NIKLAS\DOCUMENTS\VISUAL STUDIO 2010\PROJECTS\LUA\LUA\DEBUG\PERSON.OBJ
C:\USERS\NIKLAS\DOCUMENTS\VISUAL STUDIO 2010\PROJECTS\LUA\LUA\DEBUG\PERSONS.OBJ
C:\Users\Niklas\documents\visual studio 2010\Projects\Lua\Lua\Debug\rc.command.1.tlog
C:\Users\Niklas\documents\visual studio 2010\Projects\Lua\Lua\Debug\rc.read.1.tlog
C:\Users\Niklas\documents\visual studio 2010\Projects\Lua\Lua\Debug\rc.write.1.tlog
C:\USERS\NIKLAS\DOCUMENTS\VISUAL STUDIO 2010\PROJECTS\LUA\LUA\DEBUG\ROOM.OBJ
C:\USERS\NIKLAS\DOCUMENTS\VISUAL STUDIO 2010\PROJECTS\LUA\LUA\DEBUG\ROOMS.OBJ
C:\Users\Niklas\documents\visual studio 2010\Projects\Lua\Lua\Debug\vc100.idb
C:\USERS\NIKLAS\DOCUMENTS\VISUAL STUDIO 2010\PROJECTS\LUA\LUA\DEBUG\VC100.PDB
