Build started 4/5/2011 21:19:09.
     1>Project "C:\Users\Niklas\documents\visual studio 2010\Projects\Lua\Lua\Lua.vcxproj" on node 2 (build target(s)).
     1>InitializeBuildStatus:
         Creating "Debug\Lua.unsuccessfulbuild" because "AlwaysCreate" was specified.
       ClCompile:
         C:\Program Files\Microsoft Visual Studio 10.0\VC\bin\CL.exe /c /ZI /nologo /W3 /WX- /Od /Oy- /D WIN32 /D _DEBUG /D _CONSOLE /D _UNICODE /D UNICODE /Gm /EHsc /RTC1 /MDd /GS /fp:precise /Zc:wchar_t /Zc:forScope /Fo"Debug\\" /Fd"Debug\vc100.pdb" /Gd /TP /analyze- /errorReport:prompt game.cpp
         game.cpp
     1>c:\users\niklas\documents\visual studio 2010\projects\lua\lua\game.cpp(17): warning C4244: 'argument' : conversion from 'time_t' to 'unsigned int', possible loss of data
       ManifestResourceCompile:
         All outputs are up-to-date.
       Link:
         C:\Program Files\Microsoft Visual Studio 10.0\VC\bin\link.exe /ERRORREPORT:PROMPT /OUT:"C:\Users\Niklas\documents\visual studio 2010\Projects\Lua\Debug\Lua.exe" /INCREMENTAL /NOLOGO lua5.1.lib lua51.lib kernel32.lib user32.lib gdi32.lib winspool.lib comdlg32.lib advapi32.lib shell32.lib ole32.lib oleaut32.lib uuid.lib odbc32.lib odbccp32.lib /MANIFEST /ManifestFile:"Debug\Lua.exe.intermediate.manifest" /MANIFESTUAC:"level='asInvoker' uiAccess='false'" /DEBUG /PDB:"C:\Users\Niklas\documents\visual studio 2010\Projects\Lua\Debug\Lua.pdb" /SUBSYSTEM:CONSOLE /TLBID:1 /DYNAMICBASE /NXCOMPAT /IMPLIB:"C:\Users\Niklas\documents\visual studio 2010\Projects\Lua\Debug\Lua.lib" /MACHINE:X86 Debug\Lua.exe.embed.manifest.res
         Debug\game.obj
         Debug\main.obj
       Manifest:
         C:\Program Files\Microsoft SDKs\Windows\v7.0A\bin\mt.exe /nologo /verbose /out:"Debug\Lua.exe.embed.manifest" /manifest Debug\Lua.exe.intermediate.manifest
         All outputs are up-to-date.
       LinkEmbedManifest:
         All outputs are up-to-date.
         Lua.vcxproj -> C:\Users\Niklas\documents\visual studio 2010\Projects\Lua\Debug\Lua.exe
       FinalizeBuildStatus:
         Deleting file "Debug\Lua.unsuccessfulbuild".
         Touching "Debug\Lua.lastbuildstate".
     1>Done Building Project "C:\Users\Niklas\documents\visual studio 2010\Projects\Lua\Lua\Lua.vcxproj" (build target(s)).

Build succeeded.

Time Elapsed 00:00:02.47
